<?xml version="1.0" encoding="UTF-8"?>
<!-- Generated by org.testng.reporters.JUnitReportReporter -->
<testsuite hostname="ACC-100" failures="0" tests="1" name="TestNG_Demo1" time="8.219" errors="0" timestamp="2023-06-30T10:55:47 IST" skipped="0">
  <testcase classname="TestNG_Demo1" name="verifyHomepageTitle" time="8.219"/>
</testsuite> <!-- TestNG_Demo1 -->
